9 queries executed, 9 success, 0 errors, 3 warnings

Query: DROP TABLE IF EXISTS bcnf_users, bcnf_groups, bcnf_user_group, bcnf_assignment, bcnf_tasks, bcnf_solutions, bcnf_grades

0 row(s) affected, 2 warning(s)

Execution Time : 13.082 sec
Transfer Time  : 1.003 sec
Total Time     : 14.086 sec

Note Code : 1051
Unknown table 's_gr1.bcnf_solutions'

Note Code : 1051
Unknown table 's_gr1.bcnf_grades'
-----------------------------------------------------------

Query: CREATE TABLE IF NOT EXISTS bcnf_users ( login VARCHAR(40) NOT NULL UNIQUE, first_name VARCHAR(120), last_name VARCHAR(120), midd...

100000 row(s) affected, 2 warning(s)

Execution Time : 27.543 sec
Transfer Time  : 1.003 sec
Total Time     : 28.546 sec

Warning Code : 1681
Integer display width is deprecated and will be removed in a future release.

Warning Code : 1681
Integer display width is deprecated and will be removed in a future release.
-----------------------------------------------------------

Query: CREATE TABLE IF NOT EXISTS bcnf_groups ( group_id INT NOT NULL UNIQUE, discipline VARCHAR(120), PRIMARY KEY(group_id) ) AS SELEC...

3000 row(s) affected

Execution Time : 1.145 sec
Transfer Time  : 1.034 sec
Total Time     : 2.180 sec
-----------------------------------------------------------

Query: CREATE TABLE IF NOT EXISTS bcnf_user_group ( login VARCHAR(40) NOT NULL, group_id INT NOT NULL, tutor TINYINT(1) NOT NULL, alias...

37851 row(s) affected, 1 warning(s)

Execution Time : 7.323 sec
Transfer Time  : 1.033 sec
Total Time     : 8.357 sec

Warning Code : 1681
Integer display width is deprecated and will be removed in a future release.
-----------------------------------------------------------

Query: INSERT INTO bcnf_user_group SELECT tutor_login AS login, group_key AS group_id, 1 AS tutor, tutor_login AS alias FROM junk_tutor...

9151 row(s) affected

Execution Time : 6.011 sec
Transfer Time  : 0.001 sec
Total Time     : 6.012 sec
-----------------------------------------------------------

Query: CREATE TABLE IF NOT EXISTS bcnf_assignment ( assignment_id INT NOT NULL UNIQUE, author VARCHAR(40) NOT NULL, group_id INT NOT NU...

12219 row(s) affected

Execution Time : 6.406 sec
Transfer Time  : 1.002 sec
Total Time     : 7.409 sec
-----------------------------------------------------------

Query: CREATE TABLE IF NOT EXISTS bcnf_tasks ( task_id INT NOT NULL UNIQUE, assignment_id INT NOT NULL, `text` VARCHAR(1000) NOT NULL, ...

67452 row(s) affected

Execution Time : 15.098 sec
Transfer Time  : 1.003 sec
Total Time     : 16.101 sec
-----------------------------------------------------------

Query: CREATE TABLE IF NOT EXISTS bcnf_solutions ( student VARCHAR(40) NOT NULL, task_id INT NOT NULL, `text` VARCHAR(1000) NOT NULL, s...

543455 row(s) affected

Execution Time : 1 min 27 sec
Transfer Time  : 1.003 sec
Total Time     : 1 min 28 sec
-----------------------------------------------------------

Query: CREATE TABLE IF NOT EXISTS bcnf_grades ( grader VARCHAR(40) NOT NULL, student VARCHAR(40) NOT NULL, task_id INT NOT NULL, grade_...

407591 row(s) affected

Execution Time : 5 min 10 sec
Transfer Time  : 1.003 sec
Total Time     : 5 min 11 sec

Exec: 7 min 54 sec
Total: 8 min 2 sec